#! /usr/bin/vvp
:ivl_version "12.0 (stable)";
:ivl_delay_selection "TYPICAL";
:vpi_time_precision - 9;
:vpi_module "/usr/lib/x86_64-linux-gnu/ivl/system.vpi";
:vpi_module "/usr/lib/x86_64-linux-gnu/ivl/vhdl_sys.vpi";
:vpi_module "/usr/lib/x86_64-linux-gnu/ivl/vhdl_textio.vpi";
:vpi_module "/usr/lib/x86_64-linux-gnu/ivl/v2005_math.vpi";
:vpi_module "/usr/lib/x86_64-linux-gnu/ivl/va_math.vpi";
S_0x5e511d4677b0 .scope module, "tb_comparator_4bit" "tb_comparator_4bit" 2 4;
 .timescale -9 -9;
v0x5e511d47aac0_0 .var "a", 3 0;
v0x5e511d47ab80_0 .var "b", 3 0;
v0x5e511d47ac50_0 .net "c", 0 0, L_0x5e511d47b080;  1 drivers
S_0x5e511d467940 .scope module, "dut" "comparator_4bit" 2 9, 3 1 0, S_0x5e511d4677b0;
 .timescale 0 0;
    .port_info 0 /INPUT 4 "A";
    .port_info 1 /INPUT 4 "B";
    .port_info 2 /OUTPUT 1 "C";
v0x5e511d467b70_0 .net "A", 3 0, v0x5e511d47aac0_0;  1 drivers
v0x5e511d47a510_0 .net "B", 3 0, v0x5e511d47ab80_0;  1 drivers
v0x5e511d47a5f0_0 .net "C", 0 0, L_0x5e511d47b080;  alias, 1 drivers
v0x5e511d47a690_0 .net *"_ivl_0", 0 0, L_0x5e511d47ad50;  1 drivers
L_0x76945d29d018 .functor BUFT 1, C4<01>, C4<0>, C4<0>, C4<0>;
v0x5e511d47a750_0 .net/2s *"_ivl_2", 1 0, L_0x76945d29d018;  1 drivers
L_0x76945d29d060 .functor BUFT 1, C4<00>, C4<0>, C4<0>, C4<0>;
v0x5e511d47a880_0 .net/2s *"_ivl_4", 1 0, L_0x76945d29d060;  1 drivers
v0x5e511d47a960_0 .net *"_ivl_6", 1 0, L_0x5e511d47aec0;  1 drivers
L_0x5e511d47ad50 .cmp/eq 4, v0x5e511d47aac0_0, v0x5e511d47ab80_0;
L_0x5e511d47aec0 .functor MUXZ 2, L_0x76945d29d060, L_0x76945d29d018, L_0x5e511d47ad50, C4<>;
L_0x5e511d47b080 .part L_0x5e511d47aec0, 0, 1;
    .scope S_0x5e511d4677b0;
T_0 ;
    %vpi_call 2 18 "$dumpfile", "comparator_4bit_vcd.vcd" {0 0 0};
    %vpi_call 2 19 "$dumpvars", 32'sb00000000000000000000000000000000, S_0x5e511d4677b0 {0 0 0};
    %pushi/vec4 0, 0, 4;
    %store/vec4 v0x5e511d47aac0_0, 0, 4;
    %pushi/vec4 1, 0, 4;
    %store/vec4 v0x5e511d47ab80_0, 0, 4;
    %delay 5, 0;
    %pushi/vec4 3, 0, 4;
    %store/vec4 v0x5e511d47aac0_0, 0, 4;
    %pushi/vec4 3, 0, 4;
    %store/vec4 v0x5e511d47ab80_0, 0, 4;
    %delay 5, 0;
    %pushi/vec4 8, 0, 4;
    %store/vec4 v0x5e511d47aac0_0, 0, 4;
    %pushi/vec4 10, 0, 4;
    %store/vec4 v0x5e511d47ab80_0, 0, 4;
    %delay 5, 0;
    %pushi/vec4 4, 0, 4;
    %store/vec4 v0x5e511d47aac0_0, 0, 4;
    %pushi/vec4 4, 0, 4;
    %store/vec4 v0x5e511d47ab80_0, 0, 4;
    %delay 5, 0;
    %vpi_call 2 35 "$display", "Test completed !!!!!!!!" {0 0 0};
    %vpi_call 2 36 "$finish" {0 0 0};
    %end;
    .thread T_0;
# The file index is used to find the file name in the following table.
:file_names 4;
    "N/A";
    "<interactive>";
    "tb_comparator_4bit.v";
    "./comparator_4bit.v";
