#! /usr/bin/vvp
:ivl_version "12.0 (stable)";
:ivl_delay_selection "TYPICAL";
:vpi_time_precision - 9;
:vpi_module "/usr/lib/x86_64-linux-gnu/ivl/system.vpi";
:vpi_module "/usr/lib/x86_64-linux-gnu/ivl/vhdl_sys.vpi";
:vpi_module "/usr/lib/x86_64-linux-gnu/ivl/vhdl_textio.vpi";
:vpi_module "/usr/lib/x86_64-linux-gnu/ivl/v2005_math.vpi";
:vpi_module "/usr/lib/x86_64-linux-gnu/ivl/va_math.vpi";
S_0x5737eac70e10 .scope module, "tb_my_comparator" "tb_my_comparator" 2 4;
 .timescale -9 -9;
v0x5737eac84fa0_0 .var "a", 0 0;
v0x5737eac85060_0 .var "b", 0 0;
v0x5737eac85100_0 .net "c1", 0 0, L_0x5737eac85480;  1 drivers
v0x5737eac851d0_0 .net "c2", 0 0, L_0x5737eac85650;  1 drivers
v0x5737eac852a0_0 .net "c3", 0 0, L_0x5737eac85800;  1 drivers
S_0x5737eac70fa0 .scope module, "dut" "my_comparator" 2 9, 3 1 0, S_0x5737eac70e10;
 .timescale 0 0;
    .port_info 0 /INPUT 1 "A";
    .port_info 1 /INPUT 1 "B";
    .port_info 2 /OUTPUT 1 "C1";
    .port_info 3 /OUTPUT 1 "C2";
    .port_info 4 /OUTPUT 1 "C3";
L_0x5737eac85390 .functor NOT 1, v0x5737eac85060_0, C4<0>, C4<0>, C4<0>;
L_0x5737eac85480 .functor AND 1, v0x5737eac84fa0_0, L_0x5737eac85390, C4<1>, C4<1>;
L_0x5737eac855e0 .functor NOT 1, v0x5737eac84fa0_0, C4<0>, C4<0>, C4<0>;
L_0x5737eac85650 .functor AND 1, L_0x5737eac855e0, v0x5737eac85060_0, C4<1>, C4<1>;
L_0x5737eac85790 .functor XOR 1, v0x5737eac84fa0_0, v0x5737eac85060_0, C4<0>, C4<0>;
L_0x5737eac85800 .functor NOT 1, L_0x5737eac85790, C4<0>, C4<0>, C4<0>;
v0x5737eac71180_0 .net "A", 0 0, v0x5737eac84fa0_0;  1 drivers
v0x5737eac84930_0 .net "B", 0 0, v0x5737eac85060_0;  1 drivers
v0x5737eac849f0_0 .net "C1", 0 0, L_0x5737eac85480;  alias, 1 drivers
v0x5737eac84a90_0 .net "C2", 0 0, L_0x5737eac85650;  alias, 1 drivers
v0x5737eac84b50_0 .net "C3", 0 0, L_0x5737eac85800;  alias, 1 drivers
v0x5737eac84c60_0 .net *"_ivl_0", 0 0, L_0x5737eac85390;  1 drivers
v0x5737eac84d40_0 .net *"_ivl_4", 0 0, L_0x5737eac855e0;  1 drivers
v0x5737eac84e20_0 .net *"_ivl_8", 0 0, L_0x5737eac85790;  1 drivers
    .scope S_0x5737eac70e10;
T_0 ;
    %vpi_call 2 18 "$dumpfile", "my_comparator_vcd_file.vcd" {0 0 0};
    %vpi_call 2 19 "$dumpvars", 32'sb00000000000000000000000000000000, S_0x5737eac70e10 {0 0 0};
    %pushi/vec4 0, 0, 1;
    %store/vec4 v0x5737eac84fa0_0, 0, 1;
    %pushi/vec4 0, 0, 1;
    %store/vec4 v0x5737eac85060_0, 0, 1;
    %delay 10, 0;
    %pushi/vec4 0, 0, 1;
    %store/vec4 v0x5737eac84fa0_0, 0, 1;
    %pushi/vec4 1, 0, 1;
    %store/vec4 v0x5737eac85060_0, 0, 1;
    %delay 10, 0;
    %pushi/vec4 1, 0, 1;
    %store/vec4 v0x5737eac84fa0_0, 0, 1;
    %pushi/vec4 0, 0, 1;
    %store/vec4 v0x5737eac85060_0, 0, 1;
    %delay 10, 0;
    %pushi/vec4 1, 0, 1;
    %store/vec4 v0x5737eac84fa0_0, 0, 1;
    %pushi/vec4 1, 0, 1;
    %store/vec4 v0x5737eac85060_0, 0, 1;
    %delay 10, 0;
    %vpi_call 2 34 "$display", "Test completed !!!!!!!!!!!!!!!!!!" {0 0 0};
    %vpi_call 2 35 "$finish" {0 0 0};
    %end;
    .thread T_0;
# The file index is used to find the file name in the following table.
:file_names 4;
    "N/A";
    "<interactive>";
    "tb_my_comparator.v";
    "./my_comparator.v";
