#! /usr/bin/vvp
:ivl_version "12.0 (stable)";
:ivl_delay_selection "TYPICAL";
:vpi_time_precision - 9;
:vpi_module "/usr/lib/x86_64-linux-gnu/ivl/system.vpi";
:vpi_module "/usr/lib/x86_64-linux-gnu/ivl/vhdl_sys.vpi";
:vpi_module "/usr/lib/x86_64-linux-gnu/ivl/vhdl_textio.vpi";
:vpi_module "/usr/lib/x86_64-linux-gnu/ivl/v2005_math.vpi";
:vpi_module "/usr/lib/x86_64-linux-gnu/ivl/va_math.vpi";
S_0x5dd8325d5270 .scope module, "tb" "tb" 2 3;
 .timescale -9 -9;
v0x5dd8325e6d10_0 .var "a", 0 0;
v0x5dd8325e6de0_0 .var "b", 0 0;
v0x5dd8325e6eb0_0 .net "c", 0 0, L_0x5dd8325e6fb0;  1 drivers
S_0x5dd8325d5400 .scope module, "dut" "myxor" 2 8, 3 1 0, S_0x5dd8325d5270;
 .timescale -9 -9;
    .port_info 0 /INPUT 1 "A";
    .port_info 1 /INPUT 1 "B";
    .port_info 2 /OUTPUT 1 "C";
L_0x5dd8325e6fb0 .functor XOR 1, v0x5dd8325e6d10_0, v0x5dd8325e6de0_0, C4<0>, C4<0>;
v0x5dd83259c490_0 .net "A", 0 0, v0x5dd8325e6d10_0;  1 drivers
v0x5dd8325e6b30_0 .net "B", 0 0, v0x5dd8325e6de0_0;  1 drivers
v0x5dd8325e6bf0_0 .net "C", 0 0, L_0x5dd8325e6fb0;  alias, 1 drivers
    .scope S_0x5dd8325d5270;
T_0 ;
    %vpi_call 2 16 "$dumpfile", "myxor.vcd" {0 0 0};
    %vpi_call 2 17 "$dumpvars", 32'sb00000000000000000000000000000000, S_0x5dd8325d5270 {0 0 0};
    %pushi/vec4 0, 0, 1;
    %store/vec4 v0x5dd8325e6d10_0, 0, 1;
    %pushi/vec4 0, 0, 1;
    %store/vec4 v0x5dd8325e6de0_0, 0, 1;
    %delay 10, 0;
    %pushi/vec4 0, 0, 1;
    %store/vec4 v0x5dd8325e6d10_0, 0, 1;
    %pushi/vec4 1, 0, 1;
    %store/vec4 v0x5dd8325e6de0_0, 0, 1;
    %delay 10, 0;
    %pushi/vec4 1, 0, 1;
    %store/vec4 v0x5dd8325e6d10_0, 0, 1;
    %pushi/vec4 0, 0, 1;
    %store/vec4 v0x5dd8325e6de0_0, 0, 1;
    %delay 10, 0;
    %pushi/vec4 1, 0, 1;
    %store/vec4 v0x5dd8325e6d10_0, 0, 1;
    %pushi/vec4 1, 0, 1;
    %store/vec4 v0x5dd8325e6de0_0, 0, 1;
    %delay 10, 0;
    %vpi_call 2 33 "$display", "Test completed" {0 0 0};
    %vpi_call 2 34 "$finish" {0 0 0};
    %end;
    .thread T_0;
# The file index is used to find the file name in the following table.
:file_names 4;
    "N/A";
    "<interactive>";
    "tb.v";
    "./myxor.v";
